<?xml version="1.0" encoding="UTF-8"?>
<!-- Generated by org.testng.reporters.JUnitXMLReporter -->
<testsuite hostname="madhusandeep" ignored="0" name="Default test" tests="4" failures="0" timestamp="28 Jun 2019 16:45:01 GMT" time="66.809" errors="0">
  <testcase name="verifyHomepageTitle" time="0.022" classname="com.googletest.testcases.GoogleSearchTest"/>
  <testcase name="googleTestSearch" time="8.045" classname="com.googletest.testcases.GoogleSearchTest"/>
  <testcase name="googleTestSearchSpecialCharacter" time="12.698" classname="com.googletest.testcases.GoogleSearchTest"/>
  <testcase name="googleRelativeTestSearch" time="3.662" classname="com.googletest.testcases.GoogleSearchTest"/>
</testsuite> <!-- Default test -->
