<?xml version="1.0" encoding="UTF-8"?>
<testng-results skipped="0" failed="0" ignored="0" total="4" passed="4">
  <reporter-output>
  </reporter-output>
  <suite name="Default suite" duration-ms="66809" started-at="2019-06-28T16:43:54Z" finished-at="2019-06-28T16:45:01Z">
    <groups>
    </groups>
    <test name="Default test" duration-ms="66809" started-at="2019-06-28T16:43:54Z" finished-at="2019-06-28T16:45:01Z">
      <class name="com.googletest.testcases.GoogleSearchTest">
        <test-method status="PASS" signature="launchBrowser()[pri:0, instance:com.googletest.testcases.GoogleSearchTest@5442a311]" name="launchBrowser" is-config="true" duration-ms="10367" started-at="2019-06-28T18:43:54Z" finished-at="2019-06-28T18:44:04Z">
          <reporter-output>
          </reporter-output>
        </test-method> <!-- launchBrowser -->
        <test-method status="PASS" signature="verifyHomepageTitle()[pri:1, instance:com.googletest.testcases.GoogleSearchTest@5442a311]" name="verifyHomepageTitle" duration-ms="22" started-at="2019-06-28T18:44:04Z" finished-at="2019-06-28T18:44:04Z">
          <reporter-output>
          </reporter-output>
        </test-method> <!-- verifyHomepageTitle -->
        <test-method status="PASS" signature="terminateBrowser()[pri:0, instance:com.googletest.testcases.GoogleSearchTest@5442a311]" name="terminateBrowser" is-config="true" duration-ms="653" started-at="2019-06-28T18:44:04Z" finished-at="2019-06-28T18:44:05Z">
          <reporter-output>
          </reporter-output>
        </test-method> <!-- terminateBrowser -->
        <test-method status="PASS" signature="launchBrowser()[pri:0, instance:com.googletest.testcases.GoogleSearchTest@5442a311]" name="launchBrowser" is-config="true" duration-ms="12410" started-at="2019-06-28T18:44:05Z" finished-at="2019-06-28T18:44:17Z">
          <reporter-output>
          </reporter-output>
        </test-method> <!-- launchBrowser -->
        <test-method status="PASS" signature="googleTestSearch()[pri:2, instance:com.googletest.testcases.GoogleSearchTest@5442a311]" name="googleTestSearch" duration-ms="8045" started-at="2019-06-28T18:44:17Z" finished-at="2019-06-28T18:44:25Z">
          <reporter-output>
          </reporter-output>
        </test-method> <!-- googleTestSearch -->
        <test-method status="PASS" signature="terminateBrowser()[pri:0, instance:com.googletest.testcases.GoogleSearchTest@5442a311]" name="terminateBrowser" is-config="true" duration-ms="681" started-at="2019-06-28T18:44:25Z" finished-at="2019-06-28T18:44:26Z">
          <reporter-output>
          </reporter-output>
        </test-method> <!-- terminateBrowser -->
        <test-method status="PASS" signature="launchBrowser()[pri:0, instance:com.googletest.testcases.GoogleSearchTest@5442a311]" name="launchBrowser" is-config="true" duration-ms="7988" started-at="2019-06-28T18:44:26Z" finished-at="2019-06-28T18:44:34Z">
          <reporter-output>
          </reporter-output>
        </test-method> <!-- launchBrowser -->
        <test-method status="PASS" signature="googleTestSearchSpecialCharacter()[pri:3, instance:com.googletest.testcases.GoogleSearchTest@5442a311]" name="googleTestSearchSpecialCharacter" duration-ms="12698" started-at="2019-06-28T18:44:34Z" finished-at="2019-06-28T18:44:47Z">
          <reporter-output>
          </reporter-output>
        </test-method> <!-- googleTestSearchSpecialCharacter -->
        <test-method status="PASS" signature="terminateBrowser()[pri:0, instance:com.googletest.testcases.GoogleSearchTest@5442a311]" name="terminateBrowser" is-config="true" duration-ms="652" started-at="2019-06-28T18:44:47Z" finished-at="2019-06-28T18:44:47Z">
          <reporter-output>
          </reporter-output>
        </test-method> <!-- terminateBrowser -->
        <test-method status="PASS" signature="launchBrowser()[pri:0, instance:com.googletest.testcases.GoogleSearchTest@5442a311]" name="launchBrowser" is-config="true" duration-ms="8942" started-at="2019-06-28T18:44:47Z" finished-at="2019-06-28T18:44:56Z">
          <reporter-output>
          </reporter-output>
        </test-method> <!-- launchBrowser -->
        <test-method status="PASS" signature="googleRelativeTestSearch()[pri:4, instance:com.googletest.testcases.GoogleSearchTest@5442a311]" name="googleRelativeTestSearch" duration-ms="3662" started-at="2019-06-28T18:44:56Z" finished-at="2019-06-28T18:45:00Z">
          <reporter-output>
          </reporter-output>
        </test-method> <!-- googleRelativeTestSearch -->
        <test-method status="PASS" signature="terminateBrowser()[pri:0, instance:com.googletest.testcases.GoogleSearchTest@5442a311]" name="terminateBrowser" is-config="true" duration-ms="661" started-at="2019-06-28T18:45:00Z" finished-at="2019-06-28T18:45:01Z">
          <reporter-output>
          </reporter-output>
        </test-method> <!-- terminateBrowser -->
      </class> <!-- com.googletest.testcases.GoogleSearchTest -->
    </test> <!-- Default test -->
  </suite> <!-- Default suite -->
</testng-results>
